<?xml version="1.0" encoding="UTF-8"?>
<!-- Generated by org.testng.reporters.JUnitReportReporter -->
<testsuite hostname="DESKTOP-O5SPGM8" failures="0" tests="2" name="testLayer.LoginTest" time="30.546" errors="0" timestamp="2023-04-25T21:18:42 EDT" skipped="0">
  <testcase classname="testLayer.LoginTest" name="Login" time="16.201"/>
  <system-out/>
  <testcase classname="testLayer.LoginTest" name="Login" time="14.345"/>
  <system-out/>
</testsuite> <!-- testLayer.LoginTest -->
